[   .00000Iniaizincgup subsys cpuset
[    0.000000] Initializing cgroup subsys cpu
[    0.000000] Initializing cgroup subsys cpuacct
[    0.000000] Linux version 4.4.0-166-generic (buildd@lcy01-amd64-020) (gcc version 5.4.0 20160609 (Ubuntu 5.4.0-6ubuntu1~16.04.10) ) #195-Ubuntu SMP Tue Oct 1 09:35:25 UTC 2019 (Ubuntu 4.4.0-166.195-generic 4.4.194)
[    0.000000] Command line: BOOT_IMAGE=/boot/vmlinuz-4.4.0-166-generic root=LABEL=cloudimg-rootfs ro console=tty1 console=ttyS0
[    0.000000] KERNEL supported cpus:
[    0.000000]   Intel GenuineIntel
[    0.000000]   AMD AuthenticAMD
[    0.000000]   Centaur CentaurHauls
[    0.000000] x86/fpu: xstate_offset[2]:  576, xstate_sizes[2]:  256
[    0.000000] x86/fpu: Supporting XSAVE feature 0x01: 'x87 floating point registers'
[    0.000000] x86/fpu: Supporting XSAVE feature 0x02: 'SSE registers'
[    0.000000] x86/fpu: Supporting XSAVE feature 0x04: 'AVX registers'
[    0.000000] x86/fpu: Enabled xstate featues 0, onexsi is 83 besusin 'standard' format.
[    0.000000] e820: BIOS-provided physical RAM map:
[    0.000000] BIOS-e820: [mem 0x0000000000000000-0x000000000009fbff] usable
[    0.000000] BIOS-e820: [mem 0x000000000009fc00-0x000000000009ffff] reserved
[    0.000000] BIOS-e820: [mem 0x00000000000f0000-0x00000000000fffff] reserved
[    0.000000] BIOS-e820: [mem 0x0000000000100000-0x000000003ffeffff] usable
[    0.000000] BIOS-e820: [mem 0x000000003fff0000-0x000000003fffffff] ACPI data
[    0.000000] BIOS-e820: [mem 0x00000000fec00000-0x00000000fec00fff] rerved
[    0.000000] BIOS-e820: [mem 0x00000000fee00000-0x00000000fee00fff] reserved
[    0.000000] BIOS-e820: [mem 0x00000000fffc0000-0x00000000ffffffff] reserved
[    0.000000] NX (Execute Disable) protection: active
[    0.000000] SMBIOS 2.5 present.
[    0.000000] Hypervisor detected: KVM
[    0.000000] e820: last_pfn = 0x3fff0 max_arch_pfn = 0x400000000
[    0.000000] MTRR: Disabled
[    0.000000] x86/PAT: MTRRs disabled, skipping PAT initialization too.
[    0.000000] CPU MTRRs all blank - virtualized system.
[    0.000000] x86/PAT: Confguratin -7 WB  WT  U-     WT  UC- UC  
[    0.000000] found SMP MP-table at [mem 0x0009fff0-0x0009ffff] mapped at [ffff88000009fff0]
[    0.000000] Scanning 1 areas for low memory corruption
[    0.000000] RAMDISK: [mem 0x362f6000-0x37172fff]
[    0.000000] ACPI: Early table checksum verification disabled
[    0.000000] ACPI: RSDP 0x00000000000E0000 000024 (v02 VBOX  )
[    0.000000] ACPI: XSDT 0x000000003FFF0030 00003C (v01 VBOX   VBOXXSDT 00000001 ASL  00000061)
[    0.000000] ACPI: FACP 0x000000003FFF00F0 0000F4 (v04 VBOX   VBOXFACP 00000001 ASL  00000061)
[    0.000000] ACPI: DSDT 0x000000003FFF0470 0021FF (v02 VBOX   VBOXBIOS 00000002 INTL 20180105)
[    0.000000] ACPI: FACS 0x000000003FFF0200 000040
[    0.000000] ACPI: FACS 0x000000003FFF0200 000040
[    0.000000] ACPI: APIC 0x000000003FFF0240 00005C (v02 VBOX   VBOXAPIC 00000001 ASL  00000061)
[    0.000000] ACPI: SSDT 0x000000003FFF02A0 0001CC (v01 VBOX   VBOXCPUT 00000002 INTL 20180105)
[    0.000000] No NUMA configuration found
[    0.000000] Faking a node at [mem 0x0000000000000000-0x000000003ffeffff]
[    0.000000] NODE_DATA(0) allocated [mem 0x3ffeb000-0x3ffeffff]
[    0.000000] kvm-clock: Using msrs 4b564d01 and 4b564d00
[    0.000000] kvm-clock: cpu 0, msr 0:3ffe3001, primary cpu clock
[    0.000000] kvm-clock: using sched offset of 3267457818 cycles
[    0.000000] clocksource: kvm-clock: mask: 0xffffffffffffffff max_cycles: 0x1cd42e4dffb, max_idle_ns: 881590591483 ns
[    0.000000] Zone ranges:
[    0.000000]   DMA      [mem 0x0000000000001000-0x0000000000ffffff]
[    0.000000]   DMA32    [mem 0x0000000001000000-0x000000003ffeffff]
[    0.000000]   Normal   empty
[    0.000000]   Device   empty
[    0.000000] Movable zone start for each node
[    0.000000] Early memory node ranges
[    0.000000]   node   0: [mem 0x0000000000001000-0x000000000009efff]
[    0.000000]   node   0: [mem 0x0000000000100000-0x000000003ffeffff]
[    0.000000] Initmem setup node 0 [mem 0x0000000000001000-0x000000003ffeffff]
[    0.000000] ACPI: PM-Timer IO Port: 0x4008
[    0.000000] IOAPIC[0]: apic_id 2, version 32, address 0xfec00000, GSI 0-23
[    0.000000] ACPI: INT_SRC_OVR (bus 0 bus_irq 0 global_irq 2 dfl dfl)
[    0.000000] ACPI: INT_SRC_OVR (bus 0 bus_irq 9 global_irq 9 low level)
[    0.000000] Using ACPI (MADT) for SMP configuration information
[    0.000000] smpboot: Allowing 2 CPUs, 0 hotplug CPUs
[    0.000000] PM: Registered nosave memory: [mem 0x00000000-0x00000fff]
[    0.000000] PM: Registered nosave memory: [mem 0x0009f000-0x0009ffff]
[    0.000000] PM: Registeed nosave memory: [mem 0x000a0000-0x000effff]
[    0.000000] PM: Registered nosave memory: [mem 0x000f0000-0x000fffff]
[    0.000000] e820: [mem 0x40000000-0xfebfffff] available for PCI devices
[    0.000000] Booting paravirtualized kernel on KVM
[    0.000000] clocksource: refined-jiffies: mask: 0xffffffff max_cycles: 0xffffffff, max_idle_ns: 7645519600211568 ns
[    0.000000] setup_percpu: NR_CPUS:512 nr_cpumask_bits:512 nr_cpu_ids:2 nr_node_ids:1
[    0.000000] PERCPU: Embedded 34 pages/cpu @ffff88003fc00000 s99544 r8192 d31528 u1048576
[    0.000000] Built 1 zonelists in Node order, mobility grouping on.  Total pages: 257912
[    0.000000] Policy zone: DMA32
[    0.000000] Kernel command line: BOOT_IMAGE=/boot/vmlinuz-4.4.0-166-generic root=LABEL=cloudimg-rootfs ro console=tty1 console=ttyS0
[    0.000000] PID hash table entries: 4096 (order: 3, 32768 bytes)
[    0.000000] Memory: 997712K/1048120K available (8623K kernel code, 1336K rwdata, 4036K rodata, 1488K init, 1288K bss, 50408K reserved, 0K cma-reserved)
[    0.000000] SLUB: HWalign=64, Order=0-3, MinObjects=0, CPUs=2, Nodes=1
[    0.000000] Kernel/User page tables isolation: enabled
[    0.000000] Hierarchical RCU implementation.
[    0.000000] 	Build-time adjustment of leaf fanout to 64.
[    0.000000] 	RCU restricting CPUs from NR_CPUS=512 to nr_cpu_ids=2.
[    0.000000] RCU: Adjusting geometry for rcu_fanout_leaf=64, nr_cpu_ids=2
[    0.000000] NR_IRQS:33024 nr_irqs:440 16
[    0.000000] Console: colour VGA+ 80x25
[    0.000000] console [tty1] enabled
[    0.000000] console [ttyS0] enabled
[    0.000000] tsc: Detected 2712.000 MHz processor
[    0.574832] Calibrating delay loop (skipped) preset value.. 5424.00 BogoMIPS (lpj=10848000)
[    0.576075] pid_max: default: 32768 minimum: 301
[    0.576743] ACPI: Core revision 20150930
[    0.578127] ACPI: 2 ACPI AML tables successfully acquired and loaded
[    0.579146] Security Framework initialized
[    0.579783] Yama: becoming mindful.
[    0.580344] AppArmor: AppArmor initialized
[    0.581023] Dentry cache hash table entries: 131072 (order: 8, 1048576 bytes)
[    0.582548] Inode-cache hash table entries: 65536 (order: 7, 524288 bytes)
[    0.583524] Mount-cache hash table entries: 2048 (order: 2, 16384 bytes)
[    0.584406] Mountpoint-cache hash table entries: 2048 (order: 2, 16384 bytes)
[    0.585440] Initializing cgroup subsys io

[    0.586149] Initializing cgroup subsys memory
[    0.586806] Initializing cgroup subsys devices
[    0.587458] Initializing cgroup subsys freezer
[    0.588148] Initializing cgroup subsys net_cls
[    0.588835] Initializing cgroup subsys perf_event
[    0.589556] Initializing cgroup subsys net_prio
[    0.590262] Initializing cgroup subsys hugetlb
[    0.590934] Initializing cgroup subsys pids
[    0.592567] mce: CPU supports 0 MCE banks
[    0.593177] Last level iTLB entries: 4KB 64, 2MB 8, 4MB 8
[    0.593920] Last level dTLB entries: 4KB 64, 2MB 0, 4MB 0, 1GB 4
[    0.594709] Spectre V1 : Mitigation: usercopy/swapgs barriers and __user pointer sanitization
[    0.595948] Spectre V2 : Mitigation: Full generic retpoline
[    0.596712] Spectre V2 : Spectre v2 / SpectreRSB mitigation: Filling RSB on context switch
[    0.597920] Speculative Store Bypass: Vulnerable
[    0.598645] MDS: Vulnerable: Clear CPU buffers attempted, no microcode
[    0.601406] Freeing SMP alternatives memory: 36K
[    0.606326] ftrace: allocating 32296 entries in 127 pages
[    0.649923] smpboot: APIC(0) Converting physical 0 to logical package 0
[    0.845760] smpboot: Max logical packages: 1
[    0.969455] x2apic enabled
[    0.970070] Switched APIC routing to physical x2apic.
[    0.971561] ..TIMER: vector=0x30 apic1=0 pin1=2 apic2=-1 pin2=-1
[    1.080401] smpboot: CPU0: Intel(R) Xeon(R) E-2176M  CPU @ 2.70GHz (family: 0x6, model: 0x9e, stepping: 0xa)
[    1.170446] Performance Events: unsupported p6 CPU model 158 no PMU driver, software events only.
[    1.179632] KVM setup paravirtual spinlock
[    1.180815] x86: Booting SMP configuration:
[    1.181429] .... node  #0, CPUs:      #1
[    1.182105] kvm-clock: cpu 1, msr 0:3ffe3041, secondary cpu clock
[    1.183769] mce: CPU supports 0 MCE banks
[    1.186158] x86: Booted up 1 node, 2 CPUs
[    1.186916] smpboot: Total of 2 processors activated (10848.00 BogoMIPS)
[    1.188057] devtmpfs: initialized
[    1.190183] evm: security.selinux
[    1.190743] evm: security.SMACK64
[    1.191293] evm: security.SMACK64EXEC
[    1.191883] evm: security.SMACK64TRANSMUTE
[    1.192546] evm: security.SMACK64MMAP
[    1.193135] evm: security.ima
[    1.193634] evm: security.capability
[    1.194318] clocksource: jiffies: mask: 0xffffffff max_cycles: 0xffffffff, max_idle_ns: 7645041785100000 ns
[    1.195667] futex hash table entries: 512 (order: 3, 32768 bytes)
[    1.196596] pinctrl core: initialized pinctrl subsystem
[    1.197439] RTC time: 17:33:30, date: 03/25/20
[    1.198290] NET: Registered protocol family 16
[    1.244245] cpuidle: using governor ladder
[    1.272201] cpuidle: using governor menu
[    1.272791] PCCT header not found.
[    1.273394] ACPI: bus type PCI registered
[    1.274002] acpiphp: ACPI Hot Plug PCI Controller Driver version: 0.5
[    1.289461] PCI: Using configuration type 1 for base access
[    1.300770] ACPI: Added _OSI(Module Device)
[    1.317237] ACPI: Added _OSI(Processor Device)
[    1.317812] ACPI: Added _OSI(3.0 _SCP Extensions)
[    1.318416] ACPI: Added _OSI(Processor Aggregator Device)
[    1.319641] ACPI: Executed 1 blocks of module-level executable AML code
[    1.322113] ACPI: Interpreter enabled
[    1.322703] ACPI: (supports S0 S5)
[    1.323233] ACPI: Using IOAPIC for interrupt routing
[    1.324032] PCI: Using host bridge windows from ACPI; if necessary, use "pci=nocrs" and report a bug
[    1.328092] ACPI: PCI Root Bridge [PCI0] (domain 0000 [bus 00-ff])
[    1.328970] acpi PNP0A03:00: _OSC: OS supports [ASPM ClockPM Segments MSI]
[    1.329910] acpi PNP0A03:00: _OSC: not requesting OS control; OS requires [ExtendedConfig ASPM ClockPM MSI]
[    1.331307] acpi PNP0A03:00: fail to add MMCONFIG information, can't access extended PCI configuration space under this bridge.
[    1.333084] PCI host bridge to bus 0000:00
[    1.333774] pci_bus 0000:00: root bus resource [io  0x0000-0x0cf7 window]
[    1.334710] pci_bus 0000:00: root bus resource [io  0x0d00-0xffff window]
[    1.335627] pci_bus 0000:00: root bus resource [mem 0x000a0000-0x000bffff window]
[    1.336779] pci_bus 0000:00: root bus resource [mem 0x40000000-0xfdffffff window]
[    1.337934] pci_bus 0000:00: root bus resource [bus 00-ff]
[    1.340074] pci 0000:00:01.1: legacy IDE quirk: reg 0x10: [io  0x01f0-0x01f7]
[    1.341081] pci 0000:00:01.1: legacy IDE quirk: reg 0x14: [io  0x03f6]
[    1.342001] pci 0000:00:01.1: legacy IDE quirk: reg 0x18: [io  0x0170-0x0177]
[    1.343057] pci 0000:00:01.1: legacy IDE quirk: reg 0x1c: [io  0x0376]
[    1.362478] pci 0000:00:07.0: quirk: [io  0x4000-0x403f] claimed by PIIX4 ACPI
[    1.373970] pci 0000:00:07.0: quirk: [io  0x4100-0x410f] claimed by PIIX4 SMB
[    1.378322] ACPI: PCI Interrupt Link [LNKA] (IRQs 5 9 10 *11)
[    1.511380] ACPI: PCI Interrupt Link [LNKB] (IRQs 5 9 *10 11)
[    1.512476] ACPI: PCI Interrupt Link [LNKC] (IRQs 5 *9 10 11)
[    1.530663] ACPI: PCI Interrupt Link [LNKD] (IRQs 5 9 10 *11)
[    1.576454] ACPI: Enabled 2 GPEs in block 00 to 07
[    1.577484] vgaarb: setting as boot device: PCI:0000:00:02.0
[    1.578260] vgaarb: device added: PCI:0000:00:02.0,decodes=io+mem,owns=io+mem,locks=none
[    1.585850] vgaarb: loaded
[    1.586287] vgaarb: bridge control possible 0000:00:02.0
[    1.587192] SCSI subsystem initialized
[    1.588952] ACPI: bus type USB registered
[    1.589565] usbcore: registered new interface driver usbfs
[    1.590363] usbcore: registered new interface driver hub
[    1.591114] usbcore: registered new device driver usb
[    1.591977] PCI: Using ACPI for IRQ routing
[    1.592825] NetLabel: Initializing
[    1.593374] NetLabel:  domain hash size = 128
[    1.594015] NetLabel:  protocols = UNLABELED CIPSOv4
[    1.595063] NetLabel:  unlabeled traffic allowed by default
[    1.595957] amd_nb: Cannot enumerate AMD northbridges
[    1.596736] clocksource: Switched to clocksource kvm-clock
[    1.607810] AppArmor: AppArmor Filesystem Enabled
[    1.608605] pnp: PnP ACPI init
[    1.609749] pnp: PnP ACPI: found 3 devices
[    1.618571] clocksource: acpi_pm: mask: 0xffffff max_cycles: 0xffffff, max_idle_ns: 2085701024 ns
[    1.619836] NET: Registered protocol family 2
[    1.620582] TCP established hash table entries: 8192 (order: 4, 65536 bytes)
[    1.621528] TCP bind hash table entries: 8192 (order: 5, 131072 bytes)
[    1.622382] TCP: Hash tables configured (established 8192 bind 8192)
[    1.623273] UDP hash table entrie: 2 rder2,6384 bytes)
[    1.805128] UDP-Lite hash table entries: 512 (order: 2, 16384 bytes)
[    1.80589NE Risreprocol family 1
[    2.060671] pci 0000:00:00.0: Limiting direct PCI/PCI transfers
[    2.06136] pci 0000:00:01.0: Activating ISA DMA hang workarounds
[    2.082141] Unpacking initramfs...

[    22244312] Freeing initrd memory: 14836K
[    2.330376] clocksource: tsc: mask: 0xffffffffffffffff max_cycles: 0x2717868ea45, max_idle_ns: 440795316085 ns
[    2.337063] platform rtc_cmos: registered platform RTC device (no PNP device found)
[    2.338158] Scanning for low memory corruption every 60 seconds
[    2.339270] audit: initializing netlink subsys (disabled)
[    2.340237] audit: type=2000 audit(1585157615.497:1): initialized
[    2.341470] Initialise system trusted keyring
[    2.342205] HugeTLB registered 2 MB page size, pre-allocated 0 pages
[    2.343751] zbud: loaded
[    2.344421] VFS: Disk quotas dquot_6.6.0
[    2.345017] VFS: Dquot-cache hash table entries: 512 (order 0, 4096 bytes)
[    2.345935] squashfs: version 4.0 (2009/01/31) Phillip Lougher
[    2.346866] fuse init (API version 7.23)
[    2.347508] Key type big_key registered
[    2.348027] Allocating IMA MOK and blacklist keyrings.
[    2.379186] Key type asymmetric registered
[    2.380650] Asymmetric key parser 'x509' registered
[    2.382466] Block layer SCSI generic (bsg) driver version 0.4 loaded (major 249)
[    2.383454] io scheduler noop registered
[    2.383967] io scheduler deadline registered (default)
[    2.384605] io scheduler cfq registered
[    2.385315] pci_hotplug: PCI Hot Plug PCI Core version: 0.5
[    2.386045] pciehp: PCI Express Hot Plug Controller Driver version: 0.4
[    2.397530] ACPI: AC Adapter [AC] (on-line)
[    2.403404] input: Power Button as /devices/LNXSYSTM:00/LNXPWRBN:00/input/input0
[    2.404451] ACPI: Power Button [PWRF]
[    2.405073] input: Sleep Button as /devices/LNXSYSTM:00/LNXSLPBN:00/input/input1
[    2.406017] ACPI: Sleep Button [SLPF]
[    2.406729] GHES: HEST is not enabled!
[    2.407182] ACPI: Battery Slot [BAT0] (battery present)
[    2.407992] Serial: 8250/16550 driver, 32 ports, IRQ sharing enabled
[    2.430102] 00:02: ttyS0 at I/O 0x3f8 (irq = 4, base_baud = 115200) is a 16550A
[    2.437976] Linux agpgart interface v0.103
[    2.439987] loop: module loaded
[    2.440878] scsi host0: ata_piix
[    2.441464] scsi host1: ata_piix
[    2.441937] ata1: PATA max UDMA/33 cmd 0x1f0 ctl 0x3f6 bmdma 0xd000 irq 14
[    2.442704] ata2: PATA max UDMA/33 cmd 0x170 ctl 0x376 bmdma 0xd008 irq 15
[    2.443519] libphy: Fixed MDIO Bus: probed
[    2.469164] tun: Universal TUN/TAP device driver, 1.6
[    2.469781] tun: (C) 1999-2004 Max Krasnyansky <maxk@qualcomm.com>
[    2.470597] PPP generic driver version 2.4.2
[    2.471200] ehci_hcd: USB 2.0 'Enhanced' Host Controller (EHCI) Driver
[    2.471943] ehci-pci: EHCI PCI platform driver
[    2.472512] ehci-platform: EHCI generic platform driver
[    2.473803] ohci_hcd: USB 1.1 'Open' Host Controller (OHCI) Driver
[    2.475328] ohci-pci: OHCI PCI platform driver
[    2.526192] ohci-platform: OHCI generic platform driver
[    2.526823] uhci_hcd: USB Universal Host Controller Interface driver
[    2.527584] i8042: PNP: PS/2 Controller [PNP0303:PS2K,PNP0f03:PS2M] at 0x60,0x64 irq 1,12
[    2.528937] serio: i8042 KBD port at 0x60,0x64 irq 1
[    2.529592] serio: i8042 AUX port at 0x60,0x64 irq 12
[    2.530467] mousedev: PS/2 mouse device common for all mice
[    2.531335] input: AT Translated Set 2 keyboard as /devices/platform/i8042/serio0/input/input2
[    2.532742] rtc_cmos rtc_cmos: rtc core: registered rtc_cmos as rtc0
[    2.667005] rtc_cmos rtc_cmos: alarms up to one day, 114 bytes nvram
[    2.792369] i2c /dev entries driver
[    2.792895] device-mapper: uevent: version 1.0.3
[    2.793561] device-mapper: ioctl: 4.34.0-ioctl (2015-10-28) initialised: dm-devel@redhat.com
[    2.794613] ledtrig-cpu: registered to indicate activity on CPUs
[    2.795701] NET: Registered protocol family 10
[    2.796445] NET: Registered protocol family 17
[    2.797040] Key type dns_resolver registered
[    2.798315] registered taskstats version 1
[    2.798913] Loading compiled-in X.509 certificates
[    2.848627] Loaded X.509 cert 'Build time autogenerated kernel key: 75bc1b51278a37d3abb49bab6b1b0161a6cc9ec0'
[    2.849850] zswap: loaded using pool lzo/zbud
[    2.851726] Key type trusted registered
[    2.868483] Key type encrypted registered
[    2.879659] AppArmor: AppArmor sha1 policy hashing enabled
[    2.880311] ima: No TPM chip found, activating TPM-bypass!
[    2.880975] ima: Allocated hash algorithm: sha1
[    2.881550] evm: HMAC attrs: 0x1
[    2.882236]   Magic number: 12:692:593
[    2.882873] rtc_cmos rtc_cmos: setting system clock to 2020-03-25 17:33:32 UTC (1585157612)
[    2.884014] BIOS EDD facility v0.16 2004-Jun-25, 0 devices found
[    2.884711] EDD information not available.
[    2.886205] Freeing unused kernel memory: 1488K
[    2.892915] Write protecting the kernel read-only data: 14336k
[    3.063651] Freeing unused kernel memory: 1604K
[    3.176785] Freeing unused kernel memory: 60K
Loading, please wait...
starting version 229
[    3.296428] random: systemd-udevd: uninitialized urandom read (16 bytes read, 3 bits of entropy available)
[    3.296741] random: udevadm: uninitialized urandom read (16 bytes read, 3 bits of entropy available)
[    3.296788] random: udevadm: uninitialized urandom read (16 bytes read, 3 bits of entropy available)
[    3.302190] random: udevadm: uninitialized urandom read (16 bytes read, 3 bits of entropy available)
[    3.302219] random: udevadm: uninitialized urandom read (16 bytes read, 3 bits of entropy available)
[    3.302304] random: udevadm: uninitialized urandom read (16 bytes read, 3 bits of entropy available)
[    3.302335] random: udevadm: uninitialized urandom read (16 bytes read, 3 bits of entropy available)
[    3.302366] random: udevadm: uninitialized urandom read (16 bytes read, 3 bits of entropy available)
[    3.302397] random: udevadm: uninitialized urandom read (16 bytes read, 3 bits of entropy available)
[    3.302427] random: udevadm: uninitialized urandom read (16 bytes read, 3 bits of entropy available)
[    3.403395] e1000: Intel(R) PRO/1000 Network Driver - version 7.3.21-k8-NAPI
[    3.404407] e1000: Copyright (c) 1999-2006 Intel Corporation.
[    3.411183] Fusion MPT base driver 3.04.20
[    3.412808] Copyright (c) 1999-2008 LSI Corporation
[    3.431040] AVX2 version of gcm_enc/dec engaged.
[    3.431966] AES CTR mode by8 optimization enabled
[    3.442474] Fusion MPT SPI Host driver 3.04.20
[    3.618368] input: ImExPS/2 Generic Explorer Mouse as /devices/platform/i8042/serio1/input/input4
[    3.745386] e1000 0000:00:03.0 eth0: (PCI:33MHz:32-bit) 08:00:27:56:0e:b5
[    3.752970] e1000 0000:00:03.0 eth0: Intel(R) PRO/1000 Network Connection
[    3.755663] e1000 0000:00:03.0 enp0s3: renamed from eth0
[    3.890765] mptbase: ioc0: Initiating bringup
[    3.961130] ioc0: LSI53C1030 A0: Capabilities={Initiator}
[    5.486011] scsi host2: ioc0: LSI53C1030 A0, FwRev=00000000h, Ports=1, MaxQ=256, IRQ=20
[    6.101649] scsi 2:0:0:0: Direct-Access     VBOX     HARDDISK         1.0  PQ: 0 ANSI: 5
[    6.251179] scsi target2:0:0: Beginning Domain Validation
[    6.254151] scsi target2:0:0: Domain Validation skipping write tests
[    6.254891] scsi target2:0:0: Ending Domain Validation
[    6.255550] scsi target2:0:0: asynchronous
[    6.256499] scsi 2:0:1:0: Direct-Access     VBOX     HARDDISK         1.0  PQ: 0 ANSI: 5
[    6.330945] scsi target2:0:1: Beginning Domain Validation
[    6.332655] scsi target2:0:1: Domain Validation skipping write tests
[    6.333403] scsi target2:0:1: Ending Domain Validation
[    6.334068] scsi target2:0:1: asynchronous
[    6.345598] sd 2:0:0:0: Attached scsi generic sg0 type 0
[    6.370958] sd 2:0:0:0: [sda] 20971520 512-byte logical blocks: (10.7 GB/10.0 GiB)
[    6.372112] sd 2:0:1:0: Attached scsi generic sg1 type 0
[    6.372859] sd 2:0:1:0: [sdb] 20480 512-byte logical blocks: (10.5 MB/10.0 MiB)
[    6.373047] sd 2:0:0:0: [sda] Write Protect is off
[    6.373285] sd 2:0:0:0: [sda] Incomplete mode parameter data
[    6.373286] sd 2:0:0:0: [sda] Assuming drive cache: write through
[    6.382922] sd 2:0:1:0: [sdb] Write Protect is off
[    6.383873] sd 2:0:1:0: [sdb] Incomplete mode parameter data
[    6.384751] sd 2:0:1:0: [sdb] Assuming drive cache: write through
[    6.387807]  sda: sda1
[    6.388978] sd 2:0:0:0: [sda] Attached SCSI disk
[    6.389889] sd 2:0:1:0: [sdb] Attached SCSI disk
Begin: Loading e[    7.653092] md: linear personality registered for level -1
ssential drivers ... [    7.744319] md: multipath personality registered for level -4
[    7.747963] md: raid0 personality registered for level 0
[    7.751903] md: raid1 personality registered for level 1
[    7.820771] raid6: sse2x1   gen() 12368 MB/s
[    7.896776] raid6: sse2x1   xor()  9402 MB/s
[    7.976762] raid6: sse2x2   gen() 15692 MB/s
[    8.044757] raid6: sse2x2   xor() 10868 MB/s
[    8.116792] raid6: sse2x4   gen() 17766 MB/s
[    8.188779] raid6: sse2x4   xor() 11448 MB/s
[    8.292793] raid6: avx2x1   gen() 21870 MB/s
[    8.364790] raid6: avx2x2   gen() 27366 MB/s
[    8.436795] raid6: avx2x4   gen() 29735 MB/s
[    8.562175] raid6: using algorithm avx2x4 gen() 29735 MB/s
[    8.628995] raid6: using avx2x2 recovery algorithm
[    8.630490] xor: automatically using best checksumming function:
[    8.690206]    avx       : 98279.000 MB/sec
[    8.811746] async_tx: api initialized (async)
[    8.819464] md: raid6 personality registered for level 6
[    8.820246] md: raid5 personality registered for level 5
[    8.821152] md: raid4 personality registered for level 4
[    8.826850] md: raid10 personality registered for level 10
done.
Begin: Running /scripts/init-premount ... done.
Begin: Mo[    8.850256] Btrfs loaded
unting root file system ... Begin: Running /scri[    9.151101] EXT4-fs (sda1): mounted filesystem with ordered data mode. Opts: (null)
pts/local-top ... done.
Begin: Running /scripts/local-premount ... Scanning for Btrfs filesystems
done.
Warning: fsck not present, so skipping root file system
done.
Begin: Running /scripts/local-bottom ... done.
Begin: Running /scripts/init-bottom ... done.
[    9.439874] systemd[1]: systemd 229 running in system mode. (+PAM +AUDIT +SELINUX +IMA +APPARMOR +SMACK +SYSVINIT +UTMP +LIBCRYPTSETUP +GCRYPT +GNUTLS +ACL +XZ -LZ4 +SECCOMP +BLKID +ELFUTILS +KMOD -IDN)
[    9.834027] systemd[1]: Detected virtualization oracle.
[    9.834694] systemd[1]: Detected architecture x86-64.

Welcome to [1mUbuntu 16.04.6 LTS[0m!

[    9.837127] systemd[1]: Set hostname to <ubuntu>.
[    9.839382] systemd[1]: Initializing machine ID from random generator.
[    9.840347] systemd[1]: Installed transient /etc/machine-id file.
[    9.935384] systemd[1]: Reached target User and Group Name Lookups.
[[0;32m  OK  [0m] Reached target User and Group Name Lookups.
[ 1061272] systemd[1]: Listening on LVM2 poll daemon socket.
[[0;32m  OK  [0m] Listening on LVM2 poll daemon socket.
[   10.252729] systemd[1]: Set up automount Arbitrary Executable File Formats File System Automount Point.
[[0;32m  OK  [0m] Set up automount Arbitrary Executab...ats File System Automount Point.
[   10.254919] systemd[1]: Started Forward Password Requests to Wall Directory Watch.
[[0;32m  OK  [0m] Started Forward Password Requests to Wall Directory Watch.
[   10.257344] systemd[1]: Listening on /dev/initctl Compatibility Named Pipe.
[[0;32m  OK  [0m] Listening on /dev/initctl Compatibility Named Pipe.
[   10.259033] systemd[1]: Reached target System Time Synchronized.
[[0;32m  OK  [0m] Reached target System Time Synchronized.
[   10.260817] systemd[1]: Created slice System Slice.
[[0;32m  OK  [0m] Created slice System Slice.
[   10.262330] systemd[1]: Created slice User and Session Slice.
[[0;32m  OK  [0m] Created slice User and Session Slice.
[   10.263849] systemd[1]: Listening on Device-mapper event daemon FIFOs.
[[0;32m  OK  [0m] Listening on Device-mapper event daemon FIFOs.
[ 10898]ysmd[1]: Listening on JournalSoet

[[0;32m  OK  [0m] Listening on Journal Socket.
[   10.741499] systemd[1]: Starting Set console keymap...
         Starting Set console keymap...
[   10.756875] systemd[1]: Mounting Huge Pages File System...
         Mounting Huge Pages File System...
[   10.841772] systemd[1]: Starting Nameserver information manager...
         Starting Nameserver information manager...
[   10.843630] systemd[1]: Mounting POSIX Message Queue File System...
         Mounting POSIX Message Queue File System...
[   10.873979] systemd[1]: Created slice system-serial\x2dgetty.slice.
[[0;32m  OK  [0m] Created slice system-serial\x2dgetty.slice.
[   10.960877] systemd[1]: Starting Remount Root and Kernel File Systems...
         Starting Remount Root and Kernel File Systems...
[   10.962952] systemd[1]: Listening on udev Control Socket.
[   10.963768] EXT4-fs (sda1): re-mounted. Opts: (null)
[[0;32m  OK  [0m] Listening on udev Control Socket.
[   10.965621] systemd[1]: Listening on Journal Audit Socket.
[[0;32m  OK  [0m] Listening on Journal Audit Socket.
[   10.967636] systemd[1]: Mounting Debug File System...
         Mounting Debug File System...
[   10.969091] systemd[1]: Started Trigger resolvconf update for networkd DNS.
[[0;32m  OK  [0m] Started Trigger resolvconf update for networkd DNS.
[   .025445] systemd[1]: Listening on Syslog Socket.

[[0;32m  OK  [0m] Listening on Syslog Socket.
[   11.094904] random: nonblocking pool is initialized
[   11.109295] systemd[1]: Starting Load Kernel Modules...
         [   11.231255] Loading iSCSI transport class v2.0-870.
Starting Load Kernel Modules...
[   11.481206] systemd[1]: Starting Create list of required static device nodes for the current kernel...
         Starting Create list of required st... nodes for[   11.485602] iscsi: registered transport (tcp)
 the current kernel...
[   11.610785] systemd[1]: Reached target Encrypted Volumes.
[[0;32m  OK  [0m] Reached target Encrypted Volumes.
[   11.612780] systemd[1]: Listening on Journal Socket (/dev/log).
[[0;32m  OK  [0m] Listening on Journal Socket (/dev/log).
[   11.614890] systemd[1]: Starting Journal Service...
         Starting Journal Service...
[   11.616544] systemd[1]: Reached target Slices.
[[0;32m  OK  [0m] Reached target Slices.
[   11.618517] systemd[1]: Starting Uncomplicated firewall...
         Starting Uncomplicated firewall...
[   11.620562] systemd[1]: Reached target Swap.
[[0;32m  OK  [0m] Reached target Swap.
[   11.628852] systemd[1]: Listening on udev Kernel Socket.
[[0;32m  OK  [0m] Listening on udev Kernel Socket.
[   11.630701] systemd[1]: Listening on LVM2 metadata daemon socket.
[[0;32m  OK  [0m] Listening on LVM2 metadata daemon socket.
[   11.632768] systemd[1]: Starting Monitoring of LVM2 mirrors, snapshots etc. using dmeventd or progress polling...
         Starting Monitoring of LVM2 mirrors... dmeventd or progress polling...
[   11.644901] systemd[1]: Mounted POSIX Message Queue File System.
[[0;32m  OK  [0m] Mounted POSIX Message Queue File System.
[   11.646619] systemd[1]: Mounted Debug File System.
[[0;32m  OK  [0m] Mounted Debug File System.
[   11.648414] systemd[1]: Mounted Huge Pages File System.
[[0;32m  OK  [0m] Mounted Huge Pages File System.
[   11.650377] systemd[1]: Started Set console keymap.
[[0;32m  OK  [0[   11.655851] iscsi: registered transport (iser)
m] Started Set console keymap.
[   12.011766] systemd[1]: Started Remount Root and Kernel File Systems.
[[0;32m  OK  [0m] Started Remount Root and Kernel File Systems.
[   12.014230] systemd[1]: Started Load Kernel Modules.
[[0;32m  OK  [0m] Started Load Kernel Modules.
[   12.016137] systemd[1]: Started Create list of required static device nodes for the current kernel.
[[0;32m  OK  [0m] Started Create list of required sta...ce nodes for the current kernel.
[   12.018868] systemd[1]: Started Uncomplicated firewall.
[[0;32m  OK  [0m] Started Uncomplicated firewall.
[   12.020712] systemd[1]: Started Nameserver information manager.
[[0;32m  OK  [0m] Started Nameserver information manager.
[   12.025640] systemd[1]: Started Journal Service.
[[0;32m  OK  [0m] Started Journal Service.
[[0;32m  OK  [0m] Started LVM2 metadata daemon.
         Starting Create Static Device Nodes in /dev...
         Mounting FUSE Control File System...
         Starting Apply Kernel Variables...
         Starting udev Coldplug all Devices...
         Starting Flush Journal to Persistent Storage...
         Starting Load/Save Random Seed...
[[0;32m  OK  [0m] Mounted FUSE Control File System.
[[0;32m  OK  [0m] Started Apply Kernel Variables.
[[0;32m  OK  [0m] Started Create Static Device Nodes in /dev.
[[0;32m  OK  [0m] Started Load/Save Random Seed.
[[0;32m  OK  [0m] Started Flush Journal to Persistent Storage.
         Starting udev Kernel Device Manager...
[[0;32m  OK  [0m] Started udev Coldplug all Devices.
[[0;32m  OK  [0m] Started udev Kernel Device Manager.
[[0;32m  OK  [0m] Started Dispatch Password Requests to Console Directory Watch.
[[0;32m  OK  [0m] Found device /dev/ttyS0.
[[0;32m  OK  [0m] Started Monitoring of LVM2 mirrors,...ng dmeventd or progress polling.
[[0;32m  OK  [0m] Listening on Load/Save RF Kill Switch Status /dev/rfkill Watch.
[[0;32m  OK  [0m] Reached target Local File Systems (Pre).
[[0;32m  OK  [0m] Reached target Local File Systems.
         Starting Create Volatile Files and Directories...
         Starting Tell Plymouth To Write Out Runtime Data...
         Starting Set console font and keymap...
         Starting Initial cloud-init job (pre-networking)...
         Starting LSB: AppArmor initialization...
         Starting Commit a transient machine-id on disk...
[[0;32m  OK  [0m] Started Create Volatile Files and Directories.
[[0;32m  OK  [0m] Started Tell Plymouth To Write Out Runtime Data.
         Starting Update UTMP about System Boot/Shutdown...
[[0;32m  OK  [0m] Started Commit a transient machine-id on disk.
[[0;32m  OK  [0m] Started Update UTMP about System Boot/Shutdown.
[[0;32m  OK  [0m] Started LSB: AppArmor initialization.
[[0;32m  OK  [0m] Started Set console font and keymap.
[   12.450584] cloud-init[615]: Cloud-init v. 19.2-36-g059d049c-0ubuntu2~16.04.1 running 'init-local' at Wed, 25 Mar 2020 17:33:43 +0000. Up 12.19 seconds.
[[0;32m  OK  [0m] Created slice system-getty.slice.
[[0;32m  OK  [0m] Started Initial cloud-init job (pre-networking).
[[0;32m  OK  [0m] Reached target Network (Pre).
         Starting Raise network interfaces...
[[0;32m  OK  [0m] Started Raise network interfaces.
[[0;32m  OK  [0m] Reached target Network.
         Starting Initial cloud-init job (metadata service crawler)...
[   13.491814] cloud-init[941]: Cloud-init v. 19.2-36-g059d049c-0ubuntu2~16.04.1 running 'init' at Wed, 25 Mar 2020 17:33:43 +0000. Up 13.10 seconds.
[   13.547825] cloud-init[941]: ci-info: ++++++++++++++++++++++++++++++++++++++Net device info++++++++++++++++++++++++++++++++++++++
[[0;32m  OK  [0m] Started Initial cloud-init job (metadata service crawler).
[   13.570252] [cloud-init[0;32m  OK  [0m[941]: ] ci-info: +--------+------+----------------------------+---------------+--------+-------------------+Reached target Cloud-config availability.

[   13.732791] [cloud-init[0;32m  OK  [0m[941]: ] ci-info: | Device |  Up  |          Address           |      Mask     | Scope  |     Hw-Address    |Reached target Network is Online.

[   13.772637] cloud-init[941]: ci-info: +--------+------+----------------------------+---------------+--------+-------------------+
[   13.848469] cloud-init[941]: ci-info: | enp0s3 | True |         10.0.2.15          | 255.255.255.0 | global | 08:00:27:56:0e:b5 |
[   13.848671] cloud-init[941]: ci-info: | enp0s3 | True | fe80::a00:27ff:fe56:eb5/64 |       .       |  link  | 08:00:27:56:0e:b5 |
[   13.849452] cloud-init[941]: ci-info: |   lo   | True |         127.0.0.1          |   255.0.0.0   |  host  |         .         |
[   13.849556] cloud-init[941]: ci-info: |   lo   | True |          ::1/128           |       .       |  host  |         .         |
[   13.849681] cloud-init[941]: ci-info: +--------+------+----------------------------+---------------+--------+-------------------+
[   13.849787] cloud-init[941]: ci-info: +++++++++++++++++++++++++++Route IPv4 info++++++++++++++++++++++++++++
[   13.849893] cloud-init[941]: ci-info: +-------+-------------+----------+---------------+-----------+-------+
[   13.849999] cloud-init[941]: ci-info: | Route | Destination | Gateway  |    Genmask    | Interface | Flags |
[   13.850103] cloud-init[941]: ci-info: +-------+-------------+----------+---------------+-----------+-------+
[   13.850208] cloud-init[941]: ci-info: |   0   |   0.0.0.0   | 10.0.2.2 |    0.0.0.0    |   enp0s3  |   UG  |
[   13.850321] cloud-init[941]: ci-info: |   1   |   10.0.2.0  | 0.0.0.0  | 255.255.255.0 |   enp0s3  |   U   |
[   13.850427] cloud-init[941]: ci-info: +-------+-------------+----------+---------------+-----------+-------+
[   13.850532] cloud-init[941]: ci-info: +++++++++++++++++++Route IPv6 info+++++++++++++++++++
[   13.850643] cloud-init[941]: ci-info: +-------+-------------+---------+-----------+-------+
[   13.850756] cloud-init[941]: ci-info: | Route | Destination | Gateway | Interface | Flags |
[   13.850860] cloud-init[941]: ci-info: +-------+-------------+---------+-----------+-------+
[   13.850963] cloud-init[941]: ci-info: |   0   |  fe80::/64  |    ::   |   enp0s3  |   U   |
[   13.851069] cloud-init[941]: ci-info: |   3   |   ff00::/8  |    ::   |   enp0s3  |   U   |
[   13.851175] cloud-init[941]: ci-info: +-------+-------------+---------+-----------+-------+
[   13.851796] cloud-init[941]: Generating public/private rsa key pair.
[   13.851937] cloud-init[941]: Your identification has been saved in /etc/ssh/ssh_host_rsa_key.
[   13.852036] cloud-init[941]:          Starting iSCSI initiator daemon (iscsid)...
[[0;32m  OK  [0m] Reached target System Initialization.
         Starting Socket activation for snappy daemon.
[[0;32m  OK  [0m] Listening on D-Bus System Message Bus Socket.
[[0;32m  OK  [0m] Listening on ACPID Listen Socket.
[[0;32m  OK  [0m] Started Daily apt download activities.
[[0;32m  OK  [0m] Listening on UUID daemon activation socket.
[[0;32m  OK  [0m] Started Daily Cleanup of Temporary Directories.
[[0;32m  OK  [0m] Started Daily apt upgrade and clean activities.
Your public key has been saved in /etc/ssh/ssh_host_rsa_key.pub.
[   14.081652] cloud-init[941]: The key fingerprint is:
[   14.082430] cloud-init[941]: SHA256:nxNdcCUho3ZQeJz+DM4DoWCsA/s5PiHNFM6z1fK2ZRQ root@ubuntu-xenial
[   14.083545] cloud-init[941]: The key's randomart image is:
[   14.084351] cloud-init[941]: +---[RSA 2048]----+
[   14.085079] cloud-init[941]: |     .    .+=.+o.|
[   14.085806] cloud-init[941]: |  . . +   Eo+= . |
[   14.086526] cloud-init[941]: |   = + o .o=. .  |
[   14.087240] cloud-init[941]: |  . B o o.ooo.   |
[[0;32m  OK  [0m] Started ACPI Events Check.
[[0;32m  OK  [0m] Reached target Paths.
[   14.087994] cloud-init[941]: |   = * oS..+.+   |
[   14.089680] cloud-init[941]: |  . O   o.oo+ o  |
[   14.090372] cloud-init[941]: |   o o . ++  .   |
[   14.091018] cloud-init[941]: |    o   .  .     |
[   14.091685] cloud-init[941]: |     .           |
         Starting LXD - unix socket.
[[0;32m  OK  [0m] Started Message of the Day.
[[0;32m  OK  [0m] Reached target Timers.
[   14.096544] cloud-init[941]: +----[SHA256]-----+
[   14.141931] cloud-init[941]: Generating public/private dsa key pair.
[   14.164784] [cloud-init[0;32m  OK  [0m[941]: ] Your identification has been saved in /etc/ssh/ssh_host_dsa_key.Listening on Socket activation for snappy daemon.

[   14.284806] [cloud-init[0;32m  OK  [0m[941]: ] Your public key has been saved in /etc/ssh/ssh_host_dsa_key.pub.Listening on LXD - unix socket.

[   14.376759] [cloud-init[0;32m  OK  [0m[941]: ] The key fingerprint is:Started iSCSI initiator daemon (iscsid).

[   14.378357] cloud-init[941]: SHA256:5AUH07bFZCR9wqUA0LBhgQHlA7qcq8LVsysNJviYlPI root@ubuntu-xenial
[   14.425991] cloud-init[941]: The key's randomart image is:
[   14.429564] cloud-init[941]: +---[DSA 1024]----+
[   14.432924] cloud-init[941]: |  oooo*==++*+..  |
[   14.435652] cloud-init[941]: | . o.. o.+o+*..  |
[   14.443251] cloud-init[941]: |.   o . ...o.o   |
[   14.446309] cloud-init[941]: |...  . o ..      |
[   14.447083] cloud-init[941]: |oo. .   S        |
[   14.447564] cloud-init[941]: |o+.+ o           |
[   14.448189] cloud-init[941]: |+*+ o o          |
[   14.448522] cloud-init[941]: |=.E. o           |
[   14.448921] cloud-init[941]: |o   ...          |
[   14.449335] cloud-init[941]: +----[SHA256]-----+
[   14.449753] cloud-init[941]: Generating public/private ecdsa key pair.
[   14.450185] cloud-init[941]: Your identification has been saved in /etc/ssh/ssh_host_ecdsa_key.
[   14.450595] cloud-init[941]: Your public key has been saved in /etc/ssh/ssh_host_ecdsa_key.pub.
[   14.451009] cloud-init[941]: The key fingerprint is:
[   14.451426] cloud-init[941]: SHA256:CPxIwKGGaXenPlWWqnPutpuy8RE9rVYYiolUMIo2OTI root@ubuntu-xenial
[   14.451815] cloud-init[941]: The key's randomart image is:
[   14.452458] cloud-init[941]: +---[ECDSA 256]---+
[   14.452743] cloud-init[941]: | .o+..           |
[   14.453087] cloud-init[941]: |oo+oo     .      |
[   14.453382] cloud-init[941]: |EO o+. . =       |
[   14.453705] cloud-init[941]: |=.=.o+=.* +      |
[   14.454042] cloud-init[941]: |   ..+o=S+ o     |
[   14.454319] cloud-init[941]: |    . o . +      |
[   14.454593] cloud-init[941]: |     * o o       |
[   14.454886] cloud-init[941]: |     .B.+        |
[   14.455174] cloud-init[941]: |     .=Bo        |
[   14.455468] cloud-init[941]: +----[SHA256]-----+
[   14.455759] cloud-init[941]: Generating public/private ed25519 key pair.
[   14.456435] cloud-init[941]: Your identification has been saved in /etc/ssh/ssh_host_ed25519_key.
[   14.456718] cloud-init[941]: Your public key has been saved in /etc/ssh/ssh_host_ed25519_key.pub.
[   14.456935] cloud-init[941]: The key fingerprint is:
[   14.457158] cloud-init[941]: SHA256:7/d1dX4I25hVNS2PqE4vx1v3dymLo9Q8xLn21fuEyNs root@ubuntu-xenial
[   14.457382] cloud-init[941]: The key's randomart image is:
[   14.457602] cloud-init[941]: +--[ED25519 256]--+
[   14.457832] cloud-init[941]: |               .o|
[   14.458049] cloud-init[941]: |              . +|
[   14.458271] cloud-init[941]: |             . +.|
[   14.458495] cloud-init[941]: |          . o ...|
[   14.458716] cloud-init[941]: |        S  =. . o|
[   14.458940] cloud-init[941]: |         .*..O ++|
[   14.459161] cloud-init[941]: |         +.O* =.X|
[   14.459384] cloud-init[941]: |        ..+.O=.=B|
[   14.459960] cloud-init[941]: |         .o=+=E.*|
[   14.460326] cloud-init[941]: +----[SHA256]-----+
         Starting Login to default iSCSI targets...
[[0;32m  OK  [0m] Reached target Sockets.
[[0;32m  OK  [0m] Reached target Basic System.
[[0;32m  OK  [0m] Started FUSE filesystem for LXC.
[[0;32m  OK  [0m] Started ACPI event daemon.
[[0;32m  OK  [0m] Started Deferred execution scheduler.
         Starting LSB: MD monitoring daemon...
         Starting Virtualbox guest utils...
         Starting /etc/rc.local Compatibility...
[[0;32m  OK  [0m] Started D-Bus System Message Bus.
         Starting Accounts Service...
         Starting LSB: Record successful boot for GRUB...
         Starting Login Service...
         Starting System Logging Service...
         Starting LXD - container startup/shutdown...
         Starting Pollinate to seed the pseudo random number generator...
[[0;32m  OK  [0m] Started Regular background program processing daemon.
         Starting Snappy daemon...
[[0;32m  OK  [0m] Started /etc/rc.local Compatibility.
[[0;32m  OK  [0m] Started System Logging Service.
[[0;32m  OK  [0m] Started Login to default iSCSI targets.
[[0;32m  OK  [0m] Started LSB: MD monitoring daemon.
[[0;32m  OK  [0m] Started Login Service.
[[0;32m  OK  [0m] Started Unattended Upgrades Shutdown.
         Starting Authenticate and Authorize Users to Run Privileged Tasks...
[[0;32m  OK  [0m] Reached target Remote File Systems (Pre).
[[0;32m  OK  [0m] Reached target Remote File Systems.
         Starting LSB: daemon to balance interrupts for SMP systems...
         Starting LSB: automatic crash report generation...
         Starting Permit User Sessions...
         Starting LSB: Set the CPU Frequency Scaling governor to "ondemand"...
[[0;32m  OK  [0m] Started Virtualbox guest utils.
[[0;32m  OK  [0m] Started LSB: Record successful boot for GRUB.
[[0;32m  OK  [0m] Started LXD - container startup/shutdown.
[[0;32m  OK  [0m] Started Permit User Sessions.
[[0;32m  OK  [0m] Started Authenticate and Authorize Users to Run Privileged Tasks.
[[0;32m  OK  [0m] Started Accounts Service.
[[0;32m  OK  [0m] Started Snappy daemon.
         Starting Wait until snapd is fully seeded...
         Starting Terminate Plymouth Boot Screen...
         Starting Hold until boot process finishes up...
[[0;32m  OK  [0m] Started LSB: daemon to balance interrupts for SMP systems.
[[0;32m  OK  [0m] Started LSB: automatic crash report generation.
[[0;32m  OK  [0m] Started LSB: Set the CPU Frequency Scaling governor to "ondemand".
[[0;32m  OK  [0m] Started Terminate Plymouth Boot Screen.
[[0;32m  OK  [0m] Started Hold until boot process finishes up.
[[0;32m  OK  [0m] Started Serial Getty on ttyS0.
         Starting Set console scheme...
[[0;32m  OK  [0m] Started Getty on tty1.
[[0;32m  OK  [0m] Reached target Login Prompts.
[[0;32m  OK  [0m] Started Set console scheme.
[[0;32m  OK  [0m] Started Pollinate to seed the pseudo random number generator.
         Starting OpenBSD Secure Shell server...
[[0;32m  OK  [0m] Started OpenBSD Secure Shell server.
[[0;32m  OK  [0m] Started Wait until snapd is fully seeded.
[[0;32m  OK  [0m] Reached target Multi-User System.
[[0;32m  OK  [0m] Reached target Graphical Interface.
         Starting Update UTMP about System Runlevel Changes...
         Starting Apply the settings specified in cloud-config...
[[0;32m  OK  [0m] Started Update UTMP about System Runlevel Changes.
[   17.270581] cloud-init[1292]: Generating locales (this might take a while)...
[   17.735552] cloud-init[1292]:   en_US.UTF-8... done
[   17.736483] cloud-init[1292]: Generation complete.
[   17.926221] cloud-init[1292]: Cloud-init v. 19.2-36-g059d049c-0ubuntu2~16.04.1 running 'modules:config' at Wed, 25 Mar 2020 17:33:48 +0000. Up 17.20 seconds.
[[0;32m  OK  [0m] Started Apply the settings specified in cloud-config.
[[0;32m  OK  [0m] Created slice User Slice of vagrant.
         Starting User Manager for UID 1000...
         Starting Execute cloud user/final scripts...
[[0;32m  OK  [0m] Started Session 1 of user vagrant.
[[0;32m  OK  [0m] Started User Manager for UID 1000.
ci-info: no authorized ssh keys fingerprints found for user ubuntu.
<14>Mar 25 17:33:49 ec2: 
<14>Mar 25 17:33:49 ec2: #############################################################
<14>Mar 25 17:33:49 ec2: -----BEGIN SSH HOST KEY FINGERPRINTS-----
<14>Mar 25 17:33:49 ec2: 1024 SHA256:5AUH07bFZCR9wqUA0LBhgQHlA7qcq8LVsysNJviYlPI root@ubuntu-xenial (DSA)
<14>Mar 25 17:33:49 ec2: 256 SHA256:CPxIwKGGaXenPlWWqnPutpuy8RE9rVYYiolUMIo2OTI root@ubuntu-xenial (ECDSA)
<14>Mar 25 17:33:49 ec2: 256 SHA256:7/d1dX4I25hVNS2PqE4vx1v3dymLo9Q8xLn21fuEyNs root@ubuntu-xenial (ED25519)
<14>Mar 25 17:33:49 ec2: 2048 SHA256:nxNdcCUho3ZQeJz+DM4DoWCsA/s5PiHNFM6z1fK2ZRQ root@ubuntu-xenial (RSA)
<14>Mar 25 17:33:49 ec2: -----END SSH HOST KEY FINGERPRINTS-----
<14>Mar 25 17:33:49 ec2: #############################################################
-----BEGIN SSH HOST KEY KEYS-----
ecdsa-sha2-nistp256 AAAAE2VjZHNhLXNoYTItbmlzdHAyNTYAAAAIbmlzdHAyNTYAAABBBDH07XXBme66xYU0g71peb2WHZ2GO26kygqNu4pGVuT0kuKOGQnX2xVJt3GckguztCuLkE7ormK7hLtC47H9T/k= root@ubuntu-xenial
ssh-ed25519 AAAAC3NzaC1lZDI1NTE5AAAAIBQnosEpfW69D2wf8XGtCw13R/MLrZQ63h2tNBLpkzQe root@ubuntu-xenial
ssh-rsa AAAAB3NzaC1yc2EAAAADAQABAAABAQDTOGAM4JWxuOvVPpf0H51yJTKTcik64f8GGacxrNNOjCr2S852YC6eeQ/ys1tNsvTYnUcqiubz+s17i8zsEuhOezV/kqxPm3q3+BegbIbkYQB/iVtihhbB/b5kGQep/kj7Pv58a+OeVIIQD0tytFj9BekuTPj8QFFdCGq4L1MfhgBwR7QzlRi/1/0SOgCkwD74HGNxgfpFOWsVW/bZE/ENBS87KQ2Rzh68v0BWhv200p/qqBKRtyHXcXiDL2S9cqGmeenk7SOg71NUAmym0TRd6/c7fySsSjzOWGdW8U2OkXX1GGihvqvWL1lX8ayvc9w2VQxPgNAXqrVXybJB8RbF root@ubuntu-xenial
-----END SSH HOST KEY KEYS-----
[   18.470994] cloud-init[1339]: Cloud-init v. 19.2-36-g059d049c-0ubuntu2~16.04.1 running 'modules:final' at Wed, 25 Mar 2020 17:33:49 +0000. Up 18.27 seconds.
[   18.626307] cloud-init[1339]: ci-info: no authorized ssh keys fingerprints found for user ubuntu.
[   18.626486] cloud-init[1339]: Cloud-init v. 19.2-36-g059d049c-0ubuntu2~16.04.1 finished at Wed, 25 Mar 2020 17:33:49 +0000. Datasource DataSourceNoCloud [seed=/dev/sdb][dsmode=net].  Up 18.46 seconds
[[0;32m  OK  [0m] Started Execute cloud user/final scripts.
[[0;32m  OK  [0m] Reached target Cloud-init target.

Ubuntu 16.04.6 LTS ubuntu-xenial ttyS0

ubuntu-xenial login: 